--------------- Build Started: 09/05/2024 11:54:17 Project: BLE_UART_TempSensor, Configuration: ARM GCC 5.4-2016-q2-update Debug ---------------
cydsfit.exe -.appdatapath "C:\Users\fw29_\AppData\Local\Cypress Semiconductor\PSoC Creator\4.4" -.fdsnotice -.fdswarpdepfile=warp_dependencies.txt -.fdselabdepfile=elab_dependencies.txt -.fdsbldfile=generated_files.txt -.fdsreffile=referenced_files.txt -p "C:\Users\fw29_\OneDrive - ITR VN\ITR-BLE_UART_TempSensor\BLE_UART_TempSensor.cydsn\BLE_UART_TempSensor.cyprj" -d CYBLE-416045-02 -s "C:\Users\fw29_\OneDrive - ITR VN\ITR-BLE_UART_TempSensor\BLE_UART_TempSensor.cydsn\Generated_Source\PSoC6" -- -yv2 -q10 -ygs -o2 -v3 -.fftcfgtype=LE
ADD: fit.M0067: information: Clock Information: (The WCO is enabled. Chip startup will be slower because clock configuration cannot continue until the WCO is ready. See the device datasheet for WCO startup timing. If WCO is not required during startup, consider starting it in main() for faster chip startup.).
 * C:\Users\fw29_\OneDrive - ITR VN\ITR-BLE_UART_TempSensor\BLE_UART_TempSensor.cydsn\BLE_UART_TempSensor.cydwr (WCO)
Elaborating Design...
HDL Generation...
Synthesis...
Tech Mapping...
Info: plm.M0038: The pin named CY_CPUSS_SWJ_SWCLK_TCLK(0) at location P6[7] prevents usage of special purposes: SRSS[0].swd_clk. (App=cydsfit)
Info: plm.M0038: The pin named CY_CPUSS_SWJ_SWDIO_TMS(0) at location P6[6] prevents usage of special purposes: SRSS[0].swd_data. (App=cydsfit)
Info: plm.M0038: The pin named CY_SRSS_WCO_OUT(0) at location P0[1] prevents usage of special purposes: CPUSS[0].swj_trstn. (App=cydsfit)
Analog Placement...
Analog Routing...
Analog Code Generation...
Digital Placement...
Digital Routing...
Bitstream Generation...
Bitstream Verification...
Static timing analysis...
API Generation...
Dependency Generation...
Cleanup...
--------------- Build Skipped: 09/05/2024 11:54:32 ---------------
